{
  "0 debug pnpm:scope": {
    "selected": 1
  },
  "1 error pnpm": {
    "code": "ELIFECYCLE",
    "errno": "ENOENT",
    "syscall": "spawn",
    "file": "sh",
    "pkgid": "website@0.0.0",
    "stage": "clear",
    "script": "docusaurus clear",
    "pkgname": "website",
    "err": {
      "name": "pnpm",
      "message": "website@0.0.0 clear: `docusaurus clear`\nspawn ENOENT",
      "code": "ELIFECYCLE",
      "stack": "pnpm: website@0.0.0 clear: `docusaurus clear`\nspawn ENOENT\n    at ChildProcess.<anonymous> (/Users/mars/pnpm-global/5/node_modules/.pnpm/pnpm@6.23.6/node_modules/pnpm/dist/pnpm.cjs:91462:22)\n    at ChildProcess.emit (events.js:400:28)\n    at maybeClose (internal/child_process.js:1055:16)\n    at Process.ChildProcess._handle.onexit (internal/child_process.js:288:5)"
    }
  },
  "2 warn pnpm:global": " Local package.json exists, but node_modules missing, did you mean to install?"
}